<?xml version="1.0" encoding="UTF-8"?>
<!-- Generated by org.testng.reporters.JUnitReportReporter -->
<testsuite hostname="DESKTOP-RKV6N2J" failures="0" tests="1" name="com.ibm.tests.TestCase" time="0.016" errors="0" timestamp="2023-03-09T16:34:28 GMT" skipped="0">
  <testcase classname="com.ibm.tests.TestCase" name="sampleTest" time="0.016"/>
  <system-out/>
</testsuite> <!-- com.ibm.tests.TestCase -->
